2023-02-28T18:08:29.318Z [Modules] Modules initializing
2023-02-28T18:08:29.318Z [Modules] Distribution: remote
2023-02-28T18:08:29.318Z [Modules] Host updates: enabled
2023-02-28T18:08:29.318Z [Modules] Module updates: enabled
2023-02-28T18:08:29.318Z [Modules] Module install path: /home/drone/.config/discord/0.0.25/modules
2023-02-28T18:08:29.318Z [Modules] Module installed file path: /home/drone/.config/discord/0.0.25/modules/installed.json
2023-02-28T18:08:29.318Z [Modules] Module download path: /home/drone/.config/discord/0.0.25/modules/pending
2023-02-28T18:08:29.416Z [Modules] Bootstrapping...
2023-02-28T18:08:29.417Z [Modules] Installing discord_desktop_core@0 from /opt/discord/resources/bootstrap/discord_desktop_core.zip
2023-02-28T18:08:29.422Z [Modules] Failed installing discord_desktop_core@0: Error: ENOENT: no such file or directory, open '/opt/discord/resources/bootstrap/discord_desktop_core.zip'
2023-02-28T18:08:29.423Z [Modules] Installing discord_erlpack@0 from /opt/discord/resources/bootstrap/discord_erlpack.zip
2023-02-28T18:08:29.423Z [Modules] Failed installing discord_erlpack@0: Error: ENOENT: no such file or directory, open '/opt/discord/resources/bootstrap/discord_erlpack.zip'
2023-02-28T18:08:29.423Z [Modules] Installing discord_spellcheck@0 from /opt/discord/resources/bootstrap/discord_spellcheck.zip
2023-02-28T18:08:29.424Z [Modules] Failed installing discord_spellcheck@0: Error: ENOENT: no such file or directory, open '/opt/discord/resources/bootstrap/discord_spellcheck.zip'
2023-02-28T18:08:29.424Z [Modules] Installing discord_utils@0 from /opt/discord/resources/bootstrap/discord_utils.zip
2023-02-28T18:08:29.424Z [Modules] Failed installing discord_utils@0: Error: ENOENT: no such file or directory, open '/opt/discord/resources/bootstrap/discord_utils.zip'
2023-02-28T18:08:29.424Z [Modules] Installing discord_voice@0 from /opt/discord/resources/bootstrap/discord_voice.zip
2023-02-28T18:08:29.424Z [Modules] Failed installing discord_voice@0: Error: ENOENT: no such file or directory, open '/opt/discord/resources/bootstrap/discord_voice.zip'
2023-02-28T18:08:29.425Z [Modules] Finished module installations. [success: 0] [failure: 5]
2023-02-28T18:08:29.425Z [Modules] Checking for host updates.
2023-02-28T18:08:29.604Z [Modules] Host is up to date.
2023-02-28T18:08:29.604Z [Modules] Checking for module updates at https://discord.com/api/modules/stable/versions.json
2023-02-28T18:08:29.695Z [Modules] Module update available: discord_desktop_core@1 [installed: 0]
2023-02-28T18:08:29.695Z [Modules] Module update available: discord_erlpack@1 [installed: 0]
2023-02-28T18:08:29.695Z [Modules] Module update available: discord_spellcheck@1 [installed: 0]
2023-02-28T18:08:29.695Z [Modules] Module update available: discord_utils@1 [installed: 0]
2023-02-28T18:08:29.695Z [Modules] Module update available: discord_voice@1 [installed: 0]
2023-02-28T18:08:29.695Z [Modules] Fetching discord_desktop_core@1 from https://discord.com/api/modules/stable/discord_desktop_core/1
2023-02-28T18:08:29.695Z [Modules] Streaming discord_desktop_core@1 to /home/drone/.config/discord/0.0.25/modules/pending/discord_desktop_core-1.zip
2023-02-28T18:08:29.890Z [Modules] Streaming discord_desktop_core@1 to /home/drone/.config/discord/0.0.25/modules/pending/discord_desktop_core-1.zip: 2%
2023-02-28T18:08:29.908Z [Modules] Streaming discord_desktop_core@1 to /home/drone/.config/discord/0.0.25/modules/pending/discord_desktop_core-1.zip: 5%
2023-02-28T18:08:29.913Z [Modules] Streaming discord_desktop_core@1 to /home/drone/.config/discord/0.0.25/modules/pending/discord_desktop_core-1.zip: 6%
2023-02-28T18:08:29.921Z [Modules] Streaming discord_desktop_core@1 to /home/drone/.config/discord/0.0.25/modules/pending/discord_desktop_core-1.zip: 9%
2023-02-28T18:08:29.927Z [Modules] Streaming discord_desktop_core@1 to /home/drone/.config/discord/0.0.25/modules/pending/discord_desktop_core-1.zip: 13%
2023-02-28T18:08:29.927Z [Modules] Streaming discord_desktop_core@1 to /home/drone/.config/discord/0.0.25/modules/pending/discord_desktop_core-1.zip: 14%
2023-02-28T18:08:29.932Z [Modules] Streaming discord_desktop_core@1 to /home/drone/.config/discord/0.0.25/modules/pending/discord_desktop_core-1.zip: 17%
2023-02-28T18:08:29.936Z [Modules] Streaming discord_desktop_core@1 to /home/drone/.config/discord/0.0.25/modules/pending/discord_desktop_core-1.zip: 21%
2023-02-28T18:08:29.939Z [Modules] Streaming discord_desktop_core@1 to /home/drone/.config/discord/0.0.25/modules/pending/discord_desktop_core-1.zip: 25%
2023-02-28T18:08:29.942Z [Modules] Streaming discord_desktop_core@1 to /home/drone/.config/discord/0.0.25/modules/pending/discord_desktop_core-1.zip: 27%
2023-02-28T18:08:29.943Z [Modules] Streaming discord_desktop_core@1 to /home/drone/.config/discord/0.0.25/modules/pending/discord_desktop_core-1.zip: 28%
2023-02-28T18:08:29.944Z [Modules] Streaming discord_desktop_core@1 to /home/drone/.config/discord/0.0.25/modules/pending/discord_desktop_core-1.zip: 29%
2023-02-28T18:08:29.945Z [Modules] Streaming discord_desktop_core@1 to /home/drone/.config/discord/0.0.25/modules/pending/discord_desktop_core-1.zip: 33%
2023-02-28T18:08:29.948Z [Modules] Streaming discord_desktop_core@1 to /home/drone/.config/discord/0.0.25/modules/pending/discord_desktop_core-1.zip: 36%
2023-02-28T18:08:29.951Z [Modules] Streaming discord_desktop_core@1 to /home/drone/.config/discord/0.0.25/modules/pending/discord_desktop_core-1.zip: 40%
2023-02-28T18:08:29.952Z [Modules] Streaming discord_desktop_core@1 to /home/drone/.config/discord/0.0.25/modules/pending/discord_desktop_core-1.zip: 43%
2023-02-28T18:08:29.954Z [Modules] Streaming discord_desktop_core@1 to /home/drone/.config/discord/0.0.25/modules/pending/discord_desktop_core-1.zip: 47%
2023-02-28T18:08:29.955Z [Modules] Streaming discord_desktop_core@1 to /home/drone/.config/discord/0.0.25/modules/pending/discord_desktop_core-1.zip: 51%
2023-02-28T18:08:29.958Z [Modules] Streaming discord_desktop_core@1 to /home/drone/.config/discord/0.0.25/modules/pending/discord_desktop_core-1.zip: 54%
2023-02-28T18:08:29.964Z [Modules] Streaming discord_desktop_core@1 to /home/drone/.config/discord/0.0.25/modules/pending/discord_desktop_core-1.zip: 55%
2023-02-28T18:08:29.965Z [Modules] Streaming discord_desktop_core@1 to /home/drone/.config/discord/0.0.25/modules/pending/discord_desktop_core-1.zip: 56%
2023-02-28T18:08:29.966Z [Modules] Streaming discord_desktop_core@1 to /home/drone/.config/discord/0.0.25/modules/pending/discord_desktop_core-1.zip: 57%
2023-02-28T18:08:29.967Z [Modules] Streaming discord_desktop_core@1 to /home/drone/.config/discord/0.0.25/modules/pending/discord_desktop_core-1.zip: 60%
2023-02-28T18:08:29.968Z [Modules] Streaming discord_desktop_core@1 to /home/drone/.config/discord/0.0.25/modules/pending/discord_desktop_core-1.zip: 64%
2023-02-28T18:08:29.968Z [Modules] Streaming discord_desktop_core@1 to /home/drone/.config/discord/0.0.25/modules/pending/discord_desktop_core-1.zip: 66%
2023-02-28T18:08:29.970Z [Modules] Streaming discord_desktop_core@1 to /home/drone/.config/discord/0.0.25/modules/pending/discord_desktop_core-1.zip: 69%
2023-02-28T18:08:29.970Z [Modules] Streaming discord_desktop_core@1 to /home/drone/.config/discord/0.0.25/modules/pending/discord_desktop_core-1.zip: 71%
2023-02-28T18:08:29.971Z [Modules] Streaming discord_desktop_core@1 to /home/drone/.config/discord/0.0.25/modules/pending/discord_desktop_core-1.zip: 74%
2023-02-28T18:08:29.971Z [Modules] Streaming discord_desktop_core@1 to /home/drone/.config/discord/0.0.25/modules/pending/discord_desktop_core-1.zip: 77%
2023-02-28T18:08:29.972Z [Modules] Streaming discord_desktop_core@1 to /home/drone/.config/discord/0.0.25/modules/pending/discord_desktop_core-1.zip: 78%
2023-02-28T18:08:29.973Z [Modules] Streaming discord_desktop_core@1 to /home/drone/.config/discord/0.0.25/modules/pending/discord_desktop_core-1.zip: 81%
2023-02-28T18:08:29.973Z [Modules] Streaming discord_desktop_core@1 to /home/drone/.config/discord/0.0.25/modules/pending/discord_desktop_core-1.zip: 83%
2023-02-28T18:08:29.974Z [Modules] Streaming discord_desktop_core@1 to /home/drone/.config/discord/0.0.25/modules/pending/discord_desktop_core-1.zip: 84%
2023-02-28T18:08:29.974Z [Modules] Streaming discord_desktop_core@1 to /home/drone/.config/discord/0.0.25/modules/pending/discord_desktop_core-1.zip: 88%
2023-02-28T18:08:29.976Z [Modules] Streaming discord_desktop_core@1 to /home/drone/.config/discord/0.0.25/modules/pending/discord_desktop_core-1.zip: 92%
2023-02-28T18:08:29.976Z [Modules] Streaming discord_desktop_core@1 to /home/drone/.config/discord/0.0.25/modules/pending/discord_desktop_core-1.zip: 94%
2023-02-28T18:08:29.977Z [Modules] Streaming discord_desktop_core@1 to /home/drone/.config/discord/0.0.25/modules/pending/discord_desktop_core-1.zip: 97%
2023-02-28T18:08:29.977Z [Modules] Streaming discord_desktop_core@1 to /home/drone/.config/discord/0.0.25/modules/pending/discord_desktop_core-1.zip: 100%
2023-02-28T18:08:29.979Z [Modules] Fetching discord_erlpack@1 from https://discord.com/api/modules/stable/discord_erlpack/1
2023-02-28T18:08:29.979Z [Modules] Streaming discord_erlpack@1 to /home/drone/.config/discord/0.0.25/modules/pending/discord_erlpack-1.zip
2023-02-28T18:08:30.060Z [Modules] Streaming discord_erlpack@1 to /home/drone/.config/discord/0.0.25/modules/pending/discord_erlpack-1.zip: 3%
2023-02-28T18:08:30.060Z [Modules] Streaming discord_erlpack@1 to /home/drone/.config/discord/0.0.25/modules/pending/discord_erlpack-1.zip: 4%
2023-02-28T18:08:30.062Z [Modules] Streaming discord_erlpack@1 to /home/drone/.config/discord/0.0.25/modules/pending/discord_erlpack-1.zip: 8%
2023-02-28T18:08:30.063Z [Modules] Streaming discord_erlpack@1 to /home/drone/.config/discord/0.0.25/modules/pending/discord_erlpack-1.zip: 11%
2023-02-28T18:08:30.064Z [Modules] Streaming discord_erlpack@1 to /home/drone/.config/discord/0.0.25/modules/pending/discord_erlpack-1.zip: 15%
2023-02-28T18:08:30.064Z [Modules] Streaming discord_erlpack@1 to /home/drone/.config/discord/0.0.25/modules/pending/discord_erlpack-1.zip: 17%
2023-02-28T18:08:30.066Z [Modules] Streaming discord_erlpack@1 to /home/drone/.config/discord/0.0.25/modules/pending/discord_erlpack-1.zip: 21%
2023-02-28T18:08:30.067Z [Modules] Streaming discord_erlpack@1 to /home/drone/.config/discord/0.0.25/modules/pending/discord_erlpack-1.zip: 22%
2023-02-28T18:08:30.068Z [Modules] Streaming discord_erlpack@1 to /home/drone/.config/discord/0.0.25/modules/pending/discord_erlpack-1.zip: 26%
2023-02-28T18:08:30.069Z [Modules] Streaming discord_erlpack@1 to /home/drone/.config/discord/0.0.25/modules/pending/discord_erlpack-1.zip: 30%
2023-02-28T18:08:30.070Z [Modules] Streaming discord_erlpack@1 to /home/drone/.config/discord/0.0.25/modules/pending/discord_erlpack-1.zip: 31%
2023-02-28T18:08:30.070Z [Modules] Streaming discord_erlpack@1 to /home/drone/.config/discord/0.0.25/modules/pending/discord_erlpack-1.zip: 34%
2023-02-28T18:08:30.072Z [Modules] Streaming discord_erlpack@1 to /home/drone/.config/discord/0.0.25/modules/pending/discord_erlpack-1.zip: 37%
2023-02-28T18:08:30.073Z [Modules] Streaming discord_erlpack@1 to /home/drone/.config/discord/0.0.25/modules/pending/discord_erlpack-1.zip: 41%
2023-02-28T18:08:30.073Z [Modules] Streaming discord_erlpack@1 to /home/drone/.config/discord/0.0.25/modules/pending/discord_erlpack-1.zip: 42%
2023-02-28T18:08:30.075Z [Modules] Streaming discord_erlpack@1 to /home/drone/.config/discord/0.0.25/modules/pending/discord_erlpack-1.zip: 46%
2023-02-28T18:08:30.076Z [Modules] Streaming discord_erlpack@1 to /home/drone/.config/discord/0.0.25/modules/pending/discord_erlpack-1.zip: 50%
2023-02-28T18:08:30.077Z [Modules] Streaming discord_erlpack@1 to /home/drone/.config/discord/0.0.25/modules/pending/discord_erlpack-1.zip: 54%
2023-02-28T18:08:30.079Z [Modules] Streaming discord_erlpack@1 to /home/drone/.config/discord/0.0.25/modules/pending/discord_erlpack-1.zip: 58%
2023-02-28T18:08:30.080Z [Modules] Streaming discord_erlpack@1 to /home/drone/.config/discord/0.0.25/modules/pending/discord_erlpack-1.zip: 62%
2023-02-28T18:08:30.082Z [Modules] Streaming discord_erlpack@1 to /home/drone/.config/discord/0.0.25/modules/pending/discord_erlpack-1.zip: 66%
2023-02-28T18:08:30.083Z [Modules] Streaming discord_erlpack@1 to /home/drone/.config/discord/0.0.25/modules/pending/discord_erlpack-1.zip: 69%
2023-02-28T18:08:30.084Z [Modules] Streaming discord_erlpack@1 to /home/drone/.config/discord/0.0.25/modules/pending/discord_erlpack-1.zip: 73%
2023-02-28T18:08:30.086Z [Modules] Streaming discord_erlpack@1 to /home/drone/.config/discord/0.0.25/modules/pending/discord_erlpack-1.zip: 77%
2023-02-28T18:08:30.087Z [Modules] Streaming discord_erlpack@1 to /home/drone/.config/discord/0.0.25/modules/pending/discord_erlpack-1.zip: 81%
2023-02-28T18:08:30.088Z [Modules] Streaming discord_erlpack@1 to /home/drone/.config/discord/0.0.25/modules/pending/discord_erlpack-1.zip: 85%
2023-02-28T18:08:30.090Z [Modules] Streaming discord_erlpack@1 to /home/drone/.config/discord/0.0.25/modules/pending/discord_erlpack-1.zip: 89%
2023-02-28T18:08:30.091Z [Modules] Streaming discord_erlpack@1 to /home/drone/.config/discord/0.0.25/modules/pending/discord_erlpack-1.zip: 93%
2023-02-28T18:08:30.092Z [Modules] Streaming discord_erlpack@1 to /home/drone/.config/discord/0.0.25/modules/pending/discord_erlpack-1.zip: 94%
2023-02-28T18:08:30.093Z [Modules] Streaming discord_erlpack@1 to /home/drone/.config/discord/0.0.25/modules/pending/discord_erlpack-1.zip: 98%
2023-02-28T18:08:30.094Z [Modules] Streaming discord_erlpack@1 to /home/drone/.config/discord/0.0.25/modules/pending/discord_erlpack-1.zip: 100%
2023-02-28T18:08:30.094Z [Modules] Fetching discord_spellcheck@1 from https://discord.com/api/modules/stable/discord_spellcheck/1
2023-02-28T18:08:30.094Z [Modules] Streaming discord_spellcheck@1 to /home/drone/.config/discord/0.0.25/modules/pending/discord_spellcheck-1.zip
2023-02-28T18:08:30.173Z [Modules] Streaming discord_spellcheck@1 to /home/drone/.config/discord/0.0.25/modules/pending/discord_spellcheck-1.zip: 1%
2023-02-28T18:08:30.175Z [Modules] Streaming discord_spellcheck@1 to /home/drone/.config/discord/0.0.25/modules/pending/discord_spellcheck-1.zip: 2%
2023-02-28T18:08:30.177Z [Modules] Streaming discord_spellcheck@1 to /home/drone/.config/discord/0.0.25/modules/pending/discord_spellcheck-1.zip: 3%
2023-02-28T18:08:30.179Z [Modules] Streaming discord_spellcheck@1 to /home/drone/.config/discord/0.0.25/modules/pending/discord_spellcheck-1.zip: 4%
2023-02-28T18:08:30.182Z [Modules] Streaming discord_spellcheck@1 to /home/drone/.config/discord/0.0.25/modules/pending/discord_spellcheck-1.zip: 5%
2023-02-28T18:08:30.183Z [Modules] Streaming discord_spellcheck@1 to /home/drone/.config/discord/0.0.25/modules/pending/discord_spellcheck-1.zip: 6%
2023-02-28T18:08:30.185Z [Modules] Streaming discord_spellcheck@1 to /home/drone/.config/discord/0.0.25/modules/pending/discord_spellcheck-1.zip: 7%
2023-02-28T18:08:30.188Z [Modules] Streaming discord_spellcheck@1 to /home/drone/.config/discord/0.0.25/modules/pending/discord_spellcheck-1.zip: 8%
2023-02-28T18:08:30.189Z [Modules] Streaming discord_spellcheck@1 to /home/drone/.config/discord/0.0.25/modules/pending/discord_spellcheck-1.zip: 9%
2023-02-28T18:08:30.192Z [Modules] Streaming discord_spellcheck@1 to /home/drone/.config/discord/0.0.25/modules/pending/discord_spellcheck-1.zip: 10%
2023-02-28T18:08:30.194Z [Modules] Streaming discord_spellcheck@1 to /home/drone/.config/discord/0.0.25/modules/pending/discord_spellcheck-1.zip: 11%
2023-02-28T18:08:30.196Z [Modules] Streaming discord_spellcheck@1 to /home/drone/.config/discord/0.0.25/modules/pending/discord_spellcheck-1.zip: 12%
2023-02-28T18:08:30.200Z [Modules] Streaming discord_spellcheck@1 to /home/drone/.config/discord/0.0.25/modules/pending/discord_spellcheck-1.zip: 13%
2023-02-28T18:08:30.200Z [Modules] Streaming discord_spellcheck@1 to /home/drone/.config/discord/0.0.25/modules/pending/discord_spellcheck-1.zip: 14%
2023-02-28T18:08:30.203Z [Modules] Streaming discord_spellcheck@1 to /home/drone/.config/discord/0.0.25/modules/pending/discord_spellcheck-1.zip: 15%
2023-02-28T18:08:30.204Z [Modules] Streaming discord_spellcheck@1 to /home/drone/.config/discord/0.0.25/modules/pending/discord_spellcheck-1.zip: 16%
2023-02-28T18:08:30.207Z [Modules] Streaming discord_spellcheck@1 to /home/drone/.config/discord/0.0.25/modules/pending/discord_spellcheck-1.zip: 17%
2023-02-28T18:08:30.209Z [Modules] Streaming discord_spellcheck@1 to /home/drone/.config/discord/0.0.25/modules/pending/discord_spellcheck-1.zip: 18%
2023-02-28T18:08:30.210Z [Modules] Streaming discord_spellcheck@1 to /home/drone/.config/discord/0.0.25/modules/pending/discord_spellcheck-1.zip: 19%
2023-02-28T18:08:30.213Z [Modules] Streaming discord_spellcheck@1 to /home/drone/.config/discord/0.0.25/modules/pending/discord_spellcheck-1.zip: 20%
2023-02-28T18:08:30.215Z [Modules] Streaming discord_spellcheck@1 to /home/drone/.config/discord/0.0.25/modules/pending/discord_spellcheck-1.zip: 21%
2023-02-28T18:08:30.218Z [Modules] Streaming discord_spellcheck@1 to /home/drone/.config/discord/0.0.25/modules/pending/discord_spellcheck-1.zip: 22%
2023-02-28T18:08:30.219Z [Modules] Streaming discord_spellcheck@1 to /home/drone/.config/discord/0.0.25/modules/pending/discord_spellcheck-1.zip: 23%
2023-02-28T18:08:30.223Z [Modules] Streaming discord_spellcheck@1 to /home/drone/.config/discord/0.0.25/modules/pending/discord_spellcheck-1.zip: 24%
2023-02-28T18:08:30.223Z [Modules] Streaming discord_spellcheck@1 to /home/drone/.config/discord/0.0.25/modules/pending/discord_spellcheck-1.zip: 25%
2023-02-28T18:08:30.226Z [Modules] Streaming discord_spellcheck@1 to /home/drone/.config/discord/0.0.25/modules/pending/discord_spellcheck-1.zip: 26%
2023-02-28T18:08:30.228Z [Modules] Streaming discord_spellcheck@1 to /home/drone/.config/discord/0.0.25/modules/pending/discord_spellcheck-1.zip: 27%
2023-02-28T18:08:30.231Z [Modules] Streaming discord_spellcheck@1 to /home/drone/.config/discord/0.0.25/modules/pending/discord_spellcheck-1.zip: 28%
2023-02-28T18:08:30.232Z [Modules] Streaming discord_spellcheck@1 to /home/drone/.config/discord/0.0.25/modules/pending/discord_spellcheck-1.zip: 29%
2023-02-28T18:08:30.234Z [Modules] Streaming discord_spellcheck@1 to /home/drone/.config/discord/0.0.25/modules/pending/discord_spellcheck-1.zip: 30%
2023-02-28T18:08:30.237Z [Modules] Streaming discord_spellcheck@1 to /home/drone/.config/discord/0.0.25/modules/pending/discord_spellcheck-1.zip: 31%
2023-02-28T18:08:30.238Z [Modules] Streaming discord_spellcheck@1 to /home/drone/.config/discord/0.0.25/modules/pending/discord_spellcheck-1.zip: 32%
2023-02-28T18:08:30.241Z [Modules] Streaming discord_spellcheck@1 to /home/drone/.config/discord/0.0.25/modules/pending/discord_spellcheck-1.zip: 33%
2023-02-28T18:08:30.242Z [Modules] Streaming discord_spellcheck@1 to /home/drone/.config/discord/0.0.25/modules/pending/discord_spellcheck-1.zip: 34%
2023-02-28T18:08:30.245Z [Modules] Streaming discord_spellcheck@1 to /home/drone/.config/discord/0.0.25/modules/pending/discord_spellcheck-1.zip: 35%
2023-02-28T18:08:30.247Z [Modules] Streaming discord_spellcheck@1 to /home/drone/.config/discord/0.0.25/modules/pending/discord_spellcheck-1.zip: 36%
2023-02-28T18:08:30.249Z [Modules] Streaming discord_spellcheck@1 to /home/drone/.config/discord/0.0.25/modules/pending/discord_spellcheck-1.zip: 37%
2023-02-28T18:08:30.251Z [Modules] Streaming discord_spellcheck@1 to /home/drone/.config/discord/0.0.25/modules/pending/discord_spellcheck-1.zip: 38%
2023-02-28T18:08:30.253Z [Modules] Streaming discord_spellcheck@1 to /home/drone/.config/discord/0.0.25/modules/pending/discord_spellcheck-1.zip: 39%
2023-02-28T18:08:30.255Z [Modules] Streaming discord_spellcheck@1 to /home/drone/.config/discord/0.0.25/modules/pending/discord_spellcheck-1.zip: 40%
2023-02-28T18:08:30.258Z [Modules] Streaming discord_spellcheck@1 to /home/drone/.config/discord/0.0.25/modules/pending/discord_spellcheck-1.zip: 41%
2023-02-28T18:08:30.259Z [Modules] Streaming discord_spellcheck@1 to /home/drone/.config/discord/0.0.25/modules/pending/discord_spellcheck-1.zip: 42%
2023-02-28T18:08:30.262Z [Modules] Streaming discord_spellcheck@1 to /home/drone/.config/discord/0.0.25/modules/pending/discord_spellcheck-1.zip: 43%
2023-02-28T18:08:30.263Z [Modules] Streaming discord_spellcheck@1 to /home/drone/.config/discord/0.0.25/modules/pending/discord_spellcheck-1.zip: 44%
2023-02-28T18:08:30.266Z [Modules] Streaming discord_spellcheck@1 to /home/drone/.config/discord/0.0.25/modules/pending/discord_spellcheck-1.zip: 45%
2023-02-28T18:08:30.267Z [Modules] Streaming discord_spellcheck@1 to /home/drone/.config/discord/0.0.25/modules/pending/discord_spellcheck-1.zip: 46%
2023-02-28T18:08:30.270Z [Modules] Streaming discord_spellcheck@1 to /home/drone/.config/discord/0.0.25/modules/pending/discord_spellcheck-1.zip: 47%
2023-02-28T18:08:30.272Z [Modules] Streaming discord_spellcheck@1 to /home/drone/.config/discord/0.0.25/modules/pending/discord_spellcheck-1.zip: 48%
2023-02-28T18:08:30.275Z [Modules] Streaming discord_spellcheck@1 to /home/drone/.config/discord/0.0.25/modules/pending/discord_spellcheck-1.zip: 49%
2023-02-28T18:08:30.276Z [Modules] Streaming discord_spellcheck@1 to /home/drone/.config/discord/0.0.25/modules/pending/discord_spellcheck-1.zip: 50%
2023-02-28T18:08:30.278Z [Modules] Streaming discord_spellcheck@1 to /home/drone/.config/discord/0.0.25/modules/pending/discord_spellcheck-1.zip: 51%
2023-02-28T18:08:30.281Z [Modules] Streaming discord_spellcheck@1 to /home/drone/.config/discord/0.0.25/modules/pending/discord_spellcheck-1.zip: 52%
2023-02-28T18:08:30.283Z [Modules] Streaming discord_spellcheck@1 to /home/drone/.config/discord/0.0.25/modules/pending/discord_spellcheck-1.zip: 53%
2023-02-28T18:08:30.285Z [Modules] Streaming discord_spellcheck@1 to /home/drone/.config/discord/0.0.25/modules/pending/discord_spellcheck-1.zip: 54%
2023-02-28T18:08:30.287Z [Modules] Streaming discord_spellcheck@1 to /home/drone/.config/discord/0.0.25/modules/pending/discord_spellcheck-1.zip: 55%
2023-02-28T18:08:30.289Z [Modules] Streaming discord_spellcheck@1 to /home/drone/.config/discord/0.0.25/modules/pending/discord_spellcheck-1.zip: 56%
2023-02-28T18:08:30.291Z [Modules] Streaming discord_spellcheck@1 to /home/drone/.config/discord/0.0.25/modules/pending/discord_spellcheck-1.zip: 57%
2023-02-28T18:08:30.293Z [Modules] Streaming discord_spellcheck@1 to /home/drone/.config/discord/0.0.25/modules/pending/discord_spellcheck-1.zip: 58%
2023-02-28T18:08:30.296Z [Modules] Streaming discord_spellcheck@1 to /home/drone/.config/discord/0.0.25/modules/pending/discord_spellcheck-1.zip: 59%
2023-02-28T18:08:30.297Z [Modules] Streaming discord_spellcheck@1 to /home/drone/.config/discord/0.0.25/modules/pending/discord_spellcheck-1.zip: 60%
2023-02-28T18:08:30.300Z [Modules] Streaming discord_spellcheck@1 to /home/drone/.config/discord/0.0.25/modules/pending/discord_spellcheck-1.zip: 61%
2023-02-28T18:08:30.302Z [Modules] Streaming discord_spellcheck@1 to /home/drone/.config/discord/0.0.25/modules/pending/discord_spellcheck-1.zip: 62%
2023-02-28T18:08:30.304Z [Modules] Streaming discord_spellcheck@1 to /home/drone/.config/discord/0.0.25/modules/pending/discord_spellcheck-1.zip: 63%
2023-02-28T18:08:30.306Z [Modules] Streaming discord_spellcheck@1 to /home/drone/.config/discord/0.0.25/modules/pending/discord_spellcheck-1.zip: 64%
2023-02-28T18:08:30.308Z [Modules] Streaming discord_spellcheck@1 to /home/drone/.config/discord/0.0.25/modules/pending/discord_spellcheck-1.zip: 65%
2023-02-28T18:08:30.309Z [Modules] Streaming discord_spellcheck@1 to /home/drone/.config/discord/0.0.25/modules/pending/discord_spellcheck-1.zip: 66%
2023-02-28T18:08:30.313Z [Modules] Streaming discord_spellcheck@1 to /home/drone/.config/discord/0.0.25/modules/pending/discord_spellcheck-1.zip: 67%
2023-02-28T18:08:30.314Z [Modules] Streaming discord_spellcheck@1 to /home/drone/.config/discord/0.0.25/modules/pending/discord_spellcheck-1.zip: 68%
2023-02-28T18:08:30.316Z [Modules] Streaming discord_spellcheck@1 to /home/drone/.config/discord/0.0.25/modules/pending/discord_spellcheck-1.zip: 69%
2023-02-28T18:08:30.319Z [Modules] Streaming discord_spellcheck@1 to /home/drone/.config/discord/0.0.25/modules/pending/discord_spellcheck-1.zip: 70%
2023-02-28T18:08:30.321Z [Modules] Streaming discord_spellcheck@1 to /home/drone/.config/discord/0.0.25/modules/pending/discord_spellcheck-1.zip: 71%
2023-02-28T18:08:30.323Z [Modules] Streaming discord_spellcheck@1 to /home/drone/.config/discord/0.0.25/modules/pending/discord_spellcheck-1.zip: 72%
2023-02-28T18:08:30.325Z [Modules] Streaming discord_spellcheck@1 to /home/drone/.config/discord/0.0.25/modules/pending/discord_spellcheck-1.zip: 73%
2023-02-28T18:08:30.327Z [Modules] Streaming discord_spellcheck@1 to /home/drone/.config/discord/0.0.25/modules/pending/discord_spellcheck-1.zip: 74%
2023-02-28T18:08:30.330Z [Modules] Streaming discord_spellcheck@1 to /home/drone/.config/discord/0.0.25/modules/pending/discord_spellcheck-1.zip: 75%
2023-02-28T18:08:30.331Z [Modules] Streaming discord_spellcheck@1 to /home/drone/.config/discord/0.0.25/modules/pending/discord_spellcheck-1.zip: 76%
2023-02-28T18:08:30.333Z [Modules] Streaming discord_spellcheck@1 to /home/drone/.config/discord/0.0.25/modules/pending/discord_spellcheck-1.zip: 77%
2023-02-28T18:08:30.336Z [Modules] Streaming discord_spellcheck@1 to /home/drone/.config/discord/0.0.25/modules/pending/discord_spellcheck-1.zip: 78%
2023-02-28T18:08:30.337Z [Modules] Streaming discord_spellcheck@1 to /home/drone/.config/discord/0.0.25/modules/pending/discord_spellcheck-1.zip: 79%
2023-02-28T18:08:30.340Z [Modules] Streaming discord_spellcheck@1 to /home/drone/.config/discord/0.0.25/modules/pending/discord_spellcheck-1.zip: 80%
2023-02-28T18:08:30.342Z [Modules] Streaming discord_spellcheck@1 to /home/drone/.config/discord/0.0.25/modules/pending/discord_spellcheck-1.zip: 81%
2023-02-28T18:08:30.344Z [Modules] Streaming discord_spellcheck@1 to /home/drone/.config/discord/0.0.25/modules/pending/discord_spellcheck-1.zip: 82%
2023-02-28T18:08:30.346Z [Modules] Streaming discord_spellcheck@1 to /home/drone/.config/discord/0.0.25/modules/pending/discord_spellcheck-1.zip: 83%
2023-02-28T18:08:30.349Z [Modules] Streaming discord_spellcheck@1 to /home/drone/.config/discord/0.0.25/modules/pending/discord_spellcheck-1.zip: 84%
2023-02-28T18:08:30.350Z [Modules] Streaming discord_spellcheck@1 to /home/drone/.config/discord/0.0.25/modules/pending/discord_spellcheck-1.zip: 85%
2023-02-28T18:08:30.352Z [Modules] Streaming discord_spellcheck@1 to /home/drone/.config/discord/0.0.25/modules/pending/discord_spellcheck-1.zip: 86%
2023-02-28T18:08:30.354Z [Modules] Streaming discord_spellcheck@1 to /home/drone/.config/discord/0.0.25/modules/pending/discord_spellcheck-1.zip: 87%
2023-02-28T18:08:30.356Z [Modules] Streaming discord_spellcheck@1 to /home/drone/.config/discord/0.0.25/modules/pending/discord_spellcheck-1.zip: 88%
2023-02-28T18:08:30.358Z [Modules] Streaming discord_spellcheck@1 to /home/drone/.config/discord/0.0.25/modules/pending/discord_spellcheck-1.zip: 89%
2023-02-28T18:08:30.359Z [Modules] Streaming discord_spellcheck@1 to /home/drone/.config/discord/0.0.25/modules/pending/discord_spellcheck-1.zip: 90%
2023-02-28T18:08:30.362Z [Modules] Streaming discord_spellcheck@1 to /home/drone/.config/discord/0.0.25/modules/pending/discord_spellcheck-1.zip: 91%
2023-02-28T18:08:30.363Z [Modules] Streaming discord_spellcheck@1 to /home/drone/.config/discord/0.0.25/modules/pending/discord_spellcheck-1.zip: 92%
2023-02-28T18:08:30.366Z [Modules] Streaming discord_spellcheck@1 to /home/drone/.config/discord/0.0.25/modules/pending/discord_spellcheck-1.zip: 93%
2023-02-28T18:08:30.368Z [Modules] Streaming discord_spellcheck@1 to /home/drone/.config/discord/0.0.25/modules/pending/discord_spellcheck-1.zip: 94%
2023-02-28T18:08:30.369Z [Modules] Streaming discord_spellcheck@1 to /home/drone/.config/discord/0.0.25/modules/pending/discord_spellcheck-1.zip: 95%
2023-02-28T18:08:30.372Z [Modules] Streaming discord_spellcheck@1 to /home/drone/.config/discord/0.0.25/modules/pending/discord_spellcheck-1.zip: 96%
2023-02-28T18:08:30.374Z [Modules] Streaming discord_spellcheck@1 to /home/drone/.config/discord/0.0.25/modules/pending/discord_spellcheck-1.zip: 97%
2023-02-28T18:08:30.375Z [Modules] Streaming discord_spellcheck@1 to /home/drone/.config/discord/0.0.25/modules/pending/discord_spellcheck-1.zip: 98%
2023-02-28T18:08:30.377Z [Modules] Streaming discord_spellcheck@1 to /home/drone/.config/discord/0.0.25/modules/pending/discord_spellcheck-1.zip: 99%
2023-02-28T18:08:30.379Z [Modules] Streaming discord_spellcheck@1 to /home/drone/.config/discord/0.0.25/modules/pending/discord_spellcheck-1.zip: 100%
2023-02-28T18:08:30.379Z [Modules] Fetching discord_utils@1 from https://discord.com/api/modules/stable/discord_utils/1
2023-02-28T18:08:30.379Z [Modules] Streaming discord_utils@1 to /home/drone/.config/discord/0.0.25/modules/pending/discord_utils-1.zip
2023-02-28T18:08:30.482Z [Modules] Streaming discord_utils@1 to /home/drone/.config/discord/0.0.25/modules/pending/discord_utils-1.zip: 1%
2023-02-28T18:08:30.490Z [Modules] Streaming discord_utils@1 to /home/drone/.config/discord/0.0.25/modules/pending/discord_utils-1.zip: 2%
2023-02-28T18:08:30.497Z [Modules] Streaming discord_utils@1 to /home/drone/.config/discord/0.0.25/modules/pending/discord_utils-1.zip: 3%
2023-02-28T18:08:30.505Z [Modules] Streaming discord_utils@1 to /home/drone/.config/discord/0.0.25/modules/pending/discord_utils-1.zip: 4%
2023-02-28T18:08:30.513Z [Modules] Streaming discord_utils@1 to /home/drone/.config/discord/0.0.25/modules/pending/discord_utils-1.zip: 5%
2023-02-28T18:08:30.520Z [Modules] Streaming discord_utils@1 to /home/drone/.config/discord/0.0.25/modules/pending/discord_utils-1.zip: 6%
2023-02-28T18:08:30.528Z [Modules] Streaming discord_utils@1 to /home/drone/.config/discord/0.0.25/modules/pending/discord_utils-1.zip: 7%
2023-02-28T18:08:30.531Z [Modules] Streaming discord_utils@1 to /home/drone/.config/discord/0.0.25/modules/pending/discord_utils-1.zip: 8%
2023-02-28T18:08:30.539Z [Modules] Streaming discord_utils@1 to /home/drone/.config/discord/0.0.25/modules/pending/discord_utils-1.zip: 9%
2023-02-28T18:08:30.545Z [Modules] Streaming discord_utils@1 to /home/drone/.config/discord/0.0.25/modules/pending/discord_utils-1.zip: 10%
2023-02-28T18:08:30.549Z [Modules] Streaming discord_utils@1 to /home/drone/.config/discord/0.0.25/modules/pending/discord_utils-1.zip: 11%
2023-02-28T18:08:30.554Z [Modules] Streaming discord_utils@1 to /home/drone/.config/discord/0.0.25/modules/pending/discord_utils-1.zip: 13%
2023-02-28T18:08:30.558Z [Modules] Streaming discord_utils@1 to /home/drone/.config/discord/0.0.25/modules/pending/discord_utils-1.zip: 14%
2023-02-28T18:08:30.562Z [Modules] Streaming discord_utils@1 to /home/drone/.config/discord/0.0.25/modules/pending/discord_utils-1.zip: 15%
2023-02-28T18:08:30.566Z [Modules] Streaming discord_utils@1 to /home/drone/.config/discord/0.0.25/modules/pending/discord_utils-1.zip: 16%
2023-02-28T18:08:30.568Z [Modules] Streaming discord_utils@1 to /home/drone/.config/discord/0.0.25/modules/pending/discord_utils-1.zip: 17%
2023-02-28T18:08:30.575Z [Modules] Streaming discord_utils@1 to /home/drone/.config/discord/0.0.25/modules/pending/discord_utils-1.zip: 19%
2023-02-28T18:08:30.579Z [Modules] Streaming discord_utils@1 to /home/drone/.config/discord/0.0.25/modules/pending/discord_utils-1.zip: 20%
2023-02-28T18:08:30.584Z [Modules] Streaming discord_utils@1 to /home/drone/.config/discord/0.0.25/modules/pending/discord_utils-1.zip: 22%
2023-02-28T18:08:30.590Z [Modules] Streaming discord_utils@1 to /home/drone/.config/discord/0.0.25/modules/pending/discord_utils-1.zip: 23%
2023-02-28T18:08:30.595Z [Modules] Streaming discord_utils@1 to /home/drone/.config/discord/0.0.25/modules/pending/discord_utils-1.zip: 25%
2023-02-28T18:08:30.601Z [Modules] Streaming discord_utils@1 to /home/drone/.config/discord/0.0.25/modules/pending/discord_utils-1.zip: 27%
2023-02-28T18:08:30.607Z [Modules] Streaming discord_utils@1 to /home/drone/.config/discord/0.0.25/modules/pending/discord_utils-1.zip: 28%
2023-02-28T18:08:30.612Z [Modules] Streaming discord_utils@1 to /home/drone/.config/discord/0.0.25/modules/pending/discord_utils-1.zip: 30%
2023-02-28T18:08:30.615Z [Modules] Streaming discord_utils@1 to /home/drone/.config/discord/0.0.25/modules/pending/discord_utils-1.zip: 32%
2023-02-28T18:08:30.615Z [Modules] Streaming discord_utils@1 to /home/drone/.config/discord/0.0.25/modules/pending/discord_utils-1.zip: 33%
2023-02-28T18:08:30.616Z [Modules] Streaming discord_utils@1 to /home/drone/.config/discord/0.0.25/modules/pending/discord_utils-1.zip: 34%
2023-02-28T18:08:30.617Z [Modules] Streaming discord_utils@1 to /home/drone/.config/discord/0.0.25/modules/pending/discord_utils-1.zip: 36%
2023-02-28T18:08:30.617Z [Modules] Streaming discord_utils@1 to /home/drone/.config/discord/0.0.25/modules/pending/discord_utils-1.zip: 37%
2023-02-28T18:08:30.618Z [Modules] Streaming discord_utils@1 to /home/drone/.config/discord/0.0.25/modules/pending/discord_utils-1.zip: 40%
2023-02-28T18:08:30.619Z [Modules] Streaming discord_utils@1 to /home/drone/.config/discord/0.0.25/modules/pending/discord_utils-1.zip: 41%
2023-02-28T18:08:30.620Z [Modules] Streaming discord_utils@1 to /home/drone/.config/discord/0.0.25/modules/pending/discord_utils-1.zip: 43%
2023-02-28T18:08:30.620Z [Modules] Streaming discord_utils@1 to /home/drone/.config/discord/0.0.25/modules/pending/discord_utils-1.zip: 44%
2023-02-28T18:08:30.620Z [Modules] Streaming discord_utils@1 to /home/drone/.config/discord/0.0.25/modules/pending/discord_utils-1.zip: 45%
2023-02-28T18:08:30.621Z [Modules] Streaming discord_utils@1 to /home/drone/.config/discord/0.0.25/modules/pending/discord_utils-1.zip: 47%
2023-02-28T18:08:30.622Z [Modules] Streaming discord_utils@1 to /home/drone/.config/discord/0.0.25/modules/pending/discord_utils-1.zip: 48%
2023-02-28T18:08:30.622Z [Modules] Streaming discord_utils@1 to /home/drone/.config/discord/0.0.25/modules/pending/discord_utils-1.zip: 49%
2023-02-28T18:08:30.623Z [Modules] Streaming discord_utils@1 to /home/drone/.config/discord/0.0.25/modules/pending/discord_utils-1.zip: 51%
2023-02-28T18:08:30.623Z [Modules] Streaming discord_utils@1 to /home/drone/.config/discord/0.0.25/modules/pending/discord_utils-1.zip: 52%
2023-02-28T18:08:30.624Z [Modules] Streaming discord_utils@1 to /home/drone/.config/discord/0.0.25/modules/pending/discord_utils-1.zip: 53%
2023-02-28T18:08:30.625Z [Modules] Streaming discord_utils@1 to /home/drone/.config/discord/0.0.25/modules/pending/discord_utils-1.zip: 55%
2023-02-28T18:08:30.625Z [Modules] Streaming discord_utils@1 to /home/drone/.config/discord/0.0.25/modules/pending/discord_utils-1.zip: 56%
2023-02-28T18:08:30.626Z [Modules] Streaming discord_utils@1 to /home/drone/.config/discord/0.0.25/modules/pending/discord_utils-1.zip: 59%
2023-02-28T18:08:30.626Z [Modules] Streaming discord_utils@1 to /home/drone/.config/discord/0.0.25/modules/pending/discord_utils-1.zip: 60%
2023-02-28T18:08:30.628Z [Modules] Streaming discord_utils@1 to /home/drone/.config/discord/0.0.25/modules/pending/discord_utils-1.zip: 62%
2023-02-28T18:08:30.628Z [Modules] Streaming discord_utils@1 to /home/drone/.config/discord/0.0.25/modules/pending/discord_utils-1.zip: 64%
2023-02-28T18:08:30.629Z [Modules] Streaming discord_utils@1 to /home/drone/.config/discord/0.0.25/modules/pending/discord_utils-1.zip: 66%
2023-02-28T18:08:30.630Z [Modules] Streaming discord_utils@1 to /home/drone/.config/discord/0.0.25/modules/pending/discord_utils-1.zip: 68%
2023-02-28T18:08:30.631Z [Modules] Streaming discord_utils@1 to /home/drone/.config/discord/0.0.25/modules/pending/discord_utils-1.zip: 69%
2023-02-28T18:08:30.631Z [Modules] Streaming discord_utils@1 to /home/drone/.config/discord/0.0.25/modules/pending/discord_utils-1.zip: 72%
2023-02-28T18:08:30.633Z [Modules] Streaming discord_utils@1 to /home/drone/.config/discord/0.0.25/modules/pending/discord_utils-1.zip: 74%
2023-02-28T18:08:30.633Z [Modules] Streaming discord_utils@1 to /home/drone/.config/discord/0.0.25/modules/pending/discord_utils-1.zip: 76%
2023-02-28T18:08:30.634Z [Modules] Streaming discord_utils@1 to /home/drone/.config/discord/0.0.25/modules/pending/discord_utils-1.zip: 78%
2023-02-28T18:08:30.634Z [Modules] Streaming discord_utils@1 to /home/drone/.config/discord/0.0.25/modules/pending/discord_utils-1.zip: 80%
2023-02-28T18:08:30.635Z [Modules] Streaming discord_utils@1 to /home/drone/.config/discord/0.0.25/modules/pending/discord_utils-1.zip: 82%
2023-02-28T18:08:30.636Z [Modules] Streaming discord_utils@1 to /home/drone/.config/discord/0.0.25/modules/pending/discord_utils-1.zip: 83%
2023-02-28T18:08:30.637Z [Modules] Streaming discord_utils@1 to /home/drone/.config/discord/0.0.25/modules/pending/discord_utils-1.zip: 86%
2023-02-28T18:08:30.637Z [Modules] Streaming discord_utils@1 to /home/drone/.config/discord/0.0.25/modules/pending/discord_utils-1.zip: 88%
2023-02-28T18:08:30.638Z [Modules] Streaming discord_utils@1 to /home/drone/.config/discord/0.0.25/modules/pending/discord_utils-1.zip: 90%
2023-02-28T18:08:30.639Z [Modules] Streaming discord_utils@1 to /home/drone/.config/discord/0.0.25/modules/pending/discord_utils-1.zip: 92%
2023-02-28T18:08:30.641Z [Modules] Streaming discord_utils@1 to /home/drone/.config/discord/0.0.25/modules/pending/discord_utils-1.zip: 93%
2023-02-28T18:08:30.659Z [Modules] Streaming discord_utils@1 to /home/drone/.config/discord/0.0.25/modules/pending/discord_utils-1.zip: 94%
2023-02-28T18:08:30.664Z [Modules] Streaming discord_utils@1 to /home/drone/.config/discord/0.0.25/modules/pending/discord_utils-1.zip: 95%
2023-02-28T18:08:30.668Z [Modules] Streaming discord_utils@1 to /home/drone/.config/discord/0.0.25/modules/pending/discord_utils-1.zip: 96%
2023-02-28T18:08:30.672Z [Modules] Streaming discord_utils@1 to /home/drone/.config/discord/0.0.25/modules/pending/discord_utils-1.zip: 97%
2023-02-28T18:08:30.676Z [Modules] Streaming discord_utils@1 to /home/drone/.config/discord/0.0.25/modules/pending/discord_utils-1.zip: 98%
2023-02-28T18:08:30.679Z [Modules] Streaming discord_utils@1 to /home/drone/.config/discord/0.0.25/modules/pending/discord_utils-1.zip: 100%
2023-02-28T18:08:30.680Z [Modules] Fetching discord_voice@1 from https://discord.com/api/modules/stable/discord_voice/1
2023-02-28T18:08:30.680Z [Modules] Streaming discord_voice@1 to /home/drone/.config/discord/0.0.25/modules/pending/discord_voice-1.zip
2023-02-28T18:08:30.789Z [Modules] Streaming discord_voice@1 to /home/drone/.config/discord/0.0.25/modules/pending/discord_voice-1.zip: 1%
2023-02-28T18:08:30.792Z [Modules] Streaming discord_voice@1 to /home/drone/.config/discord/0.0.25/modules/pending/discord_voice-1.zip: 2%
2023-02-28T18:08:30.796Z [Modules] Streaming discord_voice@1 to /home/drone/.config/discord/0.0.25/modules/pending/discord_voice-1.zip: 3%
2023-02-28T18:08:30.800Z [Modules] Streaming discord_voice@1 to /home/drone/.config/discord/0.0.25/modules/pending/discord_voice-1.zip: 4%
2023-02-28T18:08:30.803Z [Modules] Streaming discord_voice@1 to /home/drone/.config/discord/0.0.25/modules/pending/discord_voice-1.zip: 5%
2023-02-28T18:08:30.807Z [Modules] Streaming discord_voice@1 to /home/drone/.config/discord/0.0.25/modules/pending/discord_voice-1.zip: 6%
2023-02-28T18:08:30.811Z [Modules] Streaming discord_voice@1 to /home/drone/.config/discord/0.0.25/modules/pending/discord_voice-1.zip: 7%
2023-02-28T18:08:30.814Z [Modules] Streaming discord_voice@1 to /home/drone/.config/discord/0.0.25/modules/pending/discord_voice-1.zip: 8%
2023-02-28T18:08:30.818Z [Modules] Streaming discord_voice@1 to /home/drone/.config/discord/0.0.25/modules/pending/discord_voice-1.zip: 9%
2023-02-28T18:08:30.822Z [Modules] Streaming discord_voice@1 to /home/drone/.config/discord/0.0.25/modules/pending/discord_voice-1.zip: 10%
2023-02-28T18:08:30.826Z [Modules] Streaming discord_voice@1 to /home/drone/.config/discord/0.0.25/modules/pending/discord_voice-1.zip: 11%
2023-02-28T18:08:30.829Z [Modules] Streaming discord_voice@1 to /home/drone/.config/discord/0.0.25/modules/pending/discord_voice-1.zip: 12%
2023-02-28T18:08:30.832Z [Modules] Streaming discord_voice@1 to /home/drone/.config/discord/0.0.25/modules/pending/discord_voice-1.zip: 13%
2023-02-28T18:08:30.836Z [Modules] Streaming discord_voice@1 to /home/drone/.config/discord/0.0.25/modules/pending/discord_voice-1.zip: 14%
2023-02-28T18:08:30.839Z [Modules] Streaming discord_voice@1 to /home/drone/.config/discord/0.0.25/modules/pending/discord_voice-1.zip: 15%
2023-02-28T18:08:30.843Z [Modules] Streaming discord_voice@1 to /home/drone/.config/discord/0.0.25/modules/pending/discord_voice-1.zip: 16%
2023-02-28T18:08:30.847Z [Modules] Streaming discord_voice@1 to /home/drone/.config/discord/0.0.25/modules/pending/discord_voice-1.zip: 17%
2023-02-28T18:08:30.851Z [Modules] Streaming discord_voice@1 to /home/drone/.config/discord/0.0.25/modules/pending/discord_voice-1.zip: 18%
2023-02-28T18:08:30.855Z [Modules] Streaming discord_voice@1 to /home/drone/.config/discord/0.0.25/modules/pending/discord_voice-1.zip: 19%
2023-02-28T18:08:30.858Z [Modules] Streaming discord_voice@1 to /home/drone/.config/discord/0.0.25/modules/pending/discord_voice-1.zip: 20%
2023-02-28T18:08:30.862Z [Modules] Streaming discord_voice@1 to /home/drone/.config/discord/0.0.25/modules/pending/discord_voice-1.zip: 21%
2023-02-28T18:08:30.865Z [Modules] Streaming discord_voice@1 to /home/drone/.config/discord/0.0.25/modules/pending/discord_voice-1.zip: 22%
2023-02-28T18:08:30.869Z [Modules] Streaming discord_voice@1 to /home/drone/.config/discord/0.0.25/modules/pending/discord_voice-1.zip: 23%
2023-02-28T18:08:30.872Z [Modules] Streaming discord_voice@1 to /home/drone/.config/discord/0.0.25/modules/pending/discord_voice-1.zip: 24%
2023-02-28T18:08:30.876Z [Modules] Streaming discord_voice@1 to /home/drone/.config/discord/0.0.25/modules/pending/discord_voice-1.zip: 25%
2023-02-28T18:08:30.880Z [Modules] Streaming discord_voice@1 to /home/drone/.config/discord/0.0.25/modules/pending/discord_voice-1.zip: 26%
2023-02-28T18:08:30.884Z [Modules] Streaming discord_voice@1 to /home/drone/.config/discord/0.0.25/modules/pending/discord_voice-1.zip: 27%
2023-02-28T18:08:30.886Z [Modules] Streaming discord_voice@1 to /home/drone/.config/discord/0.0.25/modules/pending/discord_voice-1.zip: 28%
2023-02-28T18:08:30.890Z [Modules] Streaming discord_voice@1 to /home/drone/.config/discord/0.0.25/modules/pending/discord_voice-1.zip: 29%
2023-02-28T18:08:30.894Z [Modules] Streaming discord_voice@1 to /home/drone/.config/discord/0.0.25/modules/pending/discord_voice-1.zip: 30%
2023-02-28T18:08:30.897Z [Modules] Streaming discord_voice@1 to /home/drone/.config/discord/0.0.25/modules/pending/discord_voice-1.zip: 31%
2023-02-28T18:08:30.901Z [Modules] Streaming discord_voice@1 to /home/drone/.config/discord/0.0.25/modules/pending/discord_voice-1.zip: 32%
2023-02-28T18:08:30.905Z [Modules] Streaming discord_voice@1 to /home/drone/.config/discord/0.0.25/modules/pending/discord_voice-1.zip: 33%
2023-02-28T18:08:30.908Z [Modules] Streaming discord_voice@1 to /home/drone/.config/discord/0.0.25/modules/pending/discord_voice-1.zip: 34%
2023-02-28T18:08:30.913Z [Modules] Streaming discord_voice@1 to /home/drone/.config/discord/0.0.25/modules/pending/discord_voice-1.zip: 35%
2023-02-28T18:08:30.915Z [Modules] Streaming discord_voice@1 to /home/drone/.config/discord/0.0.25/modules/pending/discord_voice-1.zip: 36%
2023-02-28T18:08:30.919Z [Modules] Streaming discord_voice@1 to /home/drone/.config/discord/0.0.25/modules/pending/discord_voice-1.zip: 37%
2023-02-28T18:08:30.923Z [Modules] Streaming discord_voice@1 to /home/drone/.config/discord/0.0.25/modules/pending/discord_voice-1.zip: 38%
2023-02-28T18:08:30.927Z [Modules] Streaming discord_voice@1 to /home/drone/.config/discord/0.0.25/modules/pending/discord_voice-1.zip: 39%
2023-02-28T18:08:30.931Z [Modules] Streaming discord_voice@1 to /home/drone/.config/discord/0.0.25/modules/pending/discord_voice-1.zip: 40%
2023-02-28T18:08:30.933Z [Modules] Streaming discord_voice@1 to /home/drone/.config/discord/0.0.25/modules/pending/discord_voice-1.zip: 41%
2023-02-28T18:08:30.938Z [Modules] Streaming discord_voice@1 to /home/drone/.config/discord/0.0.25/modules/pending/discord_voice-1.zip: 42%
2023-02-28T18:08:30.941Z [Modules] Streaming discord_voice@1 to /home/drone/.config/discord/0.0.25/modules/pending/discord_voice-1.zip: 43%
2023-02-28T18:08:30.945Z [Modules] Streaming discord_voice@1 to /home/drone/.config/discord/0.0.25/modules/pending/discord_voice-1.zip: 44%
2023-02-28T18:08:30.948Z [Modules] Streaming discord_voice@1 to /home/drone/.config/discord/0.0.25/modules/pending/discord_voice-1.zip: 45%
2023-02-28T18:08:30.952Z [Modules] Streaming discord_voice@1 to /home/drone/.config/discord/0.0.25/modules/pending/discord_voice-1.zip: 46%
2023-02-28T18:08:30.956Z [Modules] Streaming discord_voice@1 to /home/drone/.config/discord/0.0.25/modules/pending/discord_voice-1.zip: 47%
2023-02-28T18:08:30.959Z [Modules] Streaming discord_voice@1 to /home/drone/.config/discord/0.0.25/modules/pending/discord_voice-1.zip: 48%
2023-02-28T18:08:30.962Z [Modules] Streaming discord_voice@1 to /home/drone/.config/discord/0.0.25/modules/pending/discord_voice-1.zip: 49%
2023-02-28T18:08:30.966Z [Modules] Streaming discord_voice@1 to /home/drone/.config/discord/0.0.25/modules/pending/discord_voice-1.zip: 50%
2023-02-28T18:08:30.969Z [Modules] Streaming discord_voice@1 to /home/drone/.config/discord/0.0.25/modules/pending/discord_voice-1.zip: 51%
2023-02-28T18:08:30.974Z [Modules] Streaming discord_voice@1 to /home/drone/.config/discord/0.0.25/modules/pending/discord_voice-1.zip: 52%
2023-02-28T18:08:30.977Z [Modules] Streaming discord_voice@1 to /home/drone/.config/discord/0.0.25/modules/pending/discord_voice-1.zip: 53%
2023-02-28T18:08:30.981Z [Modules] Streaming discord_voice@1 to /home/drone/.config/discord/0.0.25/modules/pending/discord_voice-1.zip: 54%
2023-02-28T18:08:30.984Z [Modules] Streaming discord_voice@1 to /home/drone/.config/discord/0.0.25/modules/pending/discord_voice-1.zip: 55%
2023-02-28T18:08:30.987Z [Modules] Streaming discord_voice@1 to /home/drone/.config/discord/0.0.25/modules/pending/discord_voice-1.zip: 56%
2023-02-28T18:08:30.990Z [Modules] Streaming discord_voice@1 to /home/drone/.config/discord/0.0.25/modules/pending/discord_voice-1.zip: 57%
2023-02-28T18:08:30.993Z [Modules] Streaming discord_voice@1 to /home/drone/.config/discord/0.0.25/modules/pending/discord_voice-1.zip: 58%
2023-02-28T18:08:30.996Z [Modules] Streaming discord_voice@1 to /home/drone/.config/discord/0.0.25/modules/pending/discord_voice-1.zip: 59%
2023-02-28T18:08:30.999Z [Modules] Streaming discord_voice@1 to /home/drone/.config/discord/0.0.25/modules/pending/discord_voice-1.zip: 60%
2023-02-28T18:08:31.003Z [Modules] Streaming discord_voice@1 to /home/drone/.config/discord/0.0.25/modules/pending/discord_voice-1.zip: 61%
2023-02-28T18:08:31.006Z [Modules] Streaming discord_voice@1 to /home/drone/.config/discord/0.0.25/modules/pending/discord_voice-1.zip: 62%
2023-02-28T18:08:31.009Z [Modules] Streaming discord_voice@1 to /home/drone/.config/discord/0.0.25/modules/pending/discord_voice-1.zip: 63%
2023-02-28T18:08:31.012Z [Modules] Streaming discord_voice@1 to /home/drone/.config/discord/0.0.25/modules/pending/discord_voice-1.zip: 64%
2023-02-28T18:08:31.015Z [Modules] Streaming discord_voice@1 to /home/drone/.config/discord/0.0.25/modules/pending/discord_voice-1.zip: 65%
2023-02-28T18:08:31.018Z [Modules] Streaming discord_voice@1 to /home/drone/.config/discord/0.0.25/modules/pending/discord_voice-1.zip: 66%
2023-02-28T18:08:31.021Z [Modules] Streaming discord_voice@1 to /home/drone/.config/discord/0.0.25/modules/pending/discord_voice-1.zip: 67%
2023-02-28T18:08:31.024Z [Modules] Streaming discord_voice@1 to /home/drone/.config/discord/0.0.25/modules/pending/discord_voice-1.zip: 68%
2023-02-28T18:08:31.028Z [Modules] Streaming discord_voice@1 to /home/drone/.config/discord/0.0.25/modules/pending/discord_voice-1.zip: 69%
2023-02-28T18:08:31.031Z [Modules] Streaming discord_voice@1 to /home/drone/.config/discord/0.0.25/modules/pending/discord_voice-1.zip: 70%
2023-02-28T18:08:31.034Z [Modules] Streaming discord_voice@1 to /home/drone/.config/discord/0.0.25/modules/pending/discord_voice-1.zip: 71%
2023-02-28T18:08:31.037Z [Modules] Streaming discord_voice@1 to /home/drone/.config/discord/0.0.25/modules/pending/discord_voice-1.zip: 72%
2023-02-28T18:08:31.040Z [Modules] Streaming discord_voice@1 to /home/drone/.config/discord/0.0.25/modules/pending/discord_voice-1.zip: 73%
2023-02-28T18:08:31.043Z [Modules] Streaming discord_voice@1 to /home/drone/.config/discord/0.0.25/modules/pending/discord_voice-1.zip: 74%
2023-02-28T18:08:31.047Z [Modules] Streaming discord_voice@1 to /home/drone/.config/discord/0.0.25/modules/pending/discord_voice-1.zip: 75%
2023-02-28T18:08:31.049Z [Modules] Streaming discord_voice@1 to /home/drone/.config/discord/0.0.25/modules/pending/discord_voice-1.zip: 76%
2023-02-28T18:08:31.052Z [Modules] Streaming discord_voice@1 to /home/drone/.config/discord/0.0.25/modules/pending/discord_voice-1.zip: 77%
2023-02-28T18:08:31.056Z [Modules] Streaming discord_voice@1 to /home/drone/.config/discord/0.0.25/modules/pending/discord_voice-1.zip: 78%
2023-02-28T18:08:31.059Z [Modules] Streaming discord_voice@1 to /home/drone/.config/discord/0.0.25/modules/pending/discord_voice-1.zip: 79%
2023-02-28T18:08:31.062Z [Modules] Streaming discord_voice@1 to /home/drone/.config/discord/0.0.25/modules/pending/discord_voice-1.zip: 80%
2023-02-28T18:08:31.065Z [Modules] Streaming discord_voice@1 to /home/drone/.config/discord/0.0.25/modules/pending/discord_voice-1.zip: 81%
2023-02-28T18:08:31.069Z [Modules] Streaming discord_voice@1 to /home/drone/.config/discord/0.0.25/modules/pending/discord_voice-1.zip: 82%
2023-02-28T18:08:31.072Z [Modules] Streaming discord_voice@1 to /home/drone/.config/discord/0.0.25/modules/pending/discord_voice-1.zip: 83%
2023-02-28T18:08:31.074Z [Modules] Streaming discord_voice@1 to /home/drone/.config/discord/0.0.25/modules/pending/discord_voice-1.zip: 84%
2023-02-28T18:08:31.077Z [Modules] Streaming discord_voice@1 to /home/drone/.config/discord/0.0.25/modules/pending/discord_voice-1.zip: 85%
2023-02-28T18:08:31.081Z [Modules] Streaming discord_voice@1 to /home/drone/.config/discord/0.0.25/modules/pending/discord_voice-1.zip: 86%
2023-02-28T18:08:31.084Z [Modules] Streaming discord_voice@1 to /home/drone/.config/discord/0.0.25/modules/pending/discord_voice-1.zip: 87%
2023-02-28T18:08:31.087Z [Modules] Streaming discord_voice@1 to /home/drone/.config/discord/0.0.25/modules/pending/discord_voice-1.zip: 88%
2023-02-28T18:08:31.090Z [Modules] Streaming discord_voice@1 to /home/drone/.config/discord/0.0.25/modules/pending/discord_voice-1.zip: 89%
2023-02-28T18:08:31.093Z [Modules] Streaming discord_voice@1 to /home/drone/.config/discord/0.0.25/modules/pending/discord_voice-1.zip: 90%
2023-02-28T18:08:31.096Z [Modules] Streaming discord_voice@1 to /home/drone/.config/discord/0.0.25/modules/pending/discord_voice-1.zip: 91%
2023-02-28T18:08:31.099Z [Modules] Streaming discord_voice@1 to /home/drone/.config/discord/0.0.25/modules/pending/discord_voice-1.zip: 92%
2023-02-28T18:08:31.103Z [Modules] Streaming discord_voice@1 to /home/drone/.config/discord/0.0.25/modules/pending/discord_voice-1.zip: 93%
2023-02-28T18:08:31.105Z [Modules] Streaming discord_voice@1 to /home/drone/.config/discord/0.0.25/modules/pending/discord_voice-1.zip: 94%
2023-02-28T18:08:31.108Z [Modules] Streaming discord_voice@1 to /home/drone/.config/discord/0.0.25/modules/pending/discord_voice-1.zip: 95%
2023-02-28T18:08:31.113Z [Modules] Streaming discord_voice@1 to /home/drone/.config/discord/0.0.25/modules/pending/discord_voice-1.zip: 96%
2023-02-28T18:08:31.114Z [Modules] Streaming discord_voice@1 to /home/drone/.config/discord/0.0.25/modules/pending/discord_voice-1.zip: 97%
2023-02-28T18:08:31.117Z [Modules] Streaming discord_voice@1 to /home/drone/.config/discord/0.0.25/modules/pending/discord_voice-1.zip: 98%
2023-02-28T18:08:31.120Z [Modules] Streaming discord_voice@1 to /home/drone/.config/discord/0.0.25/modules/pending/discord_voice-1.zip: 99%
2023-02-28T18:08:31.123Z [Modules] Streaming discord_voice@1 to /home/drone/.config/discord/0.0.25/modules/pending/discord_voice-1.zip: 100%
2023-02-28T18:08:31.124Z [Modules] Finished module downloads. [success: 5] [failure: 0]
2023-02-28T18:08:31.124Z [Modules] Installing updates...
2023-02-28T18:08:31.124Z [Modules] Installing discord_desktop_core@1 from /home/drone/.config/discord/0.0.25/modules/pending/discord_desktop_core-1.zip
2023-02-28T18:08:31.208Z [Modules] Installing discord_erlpack@1 from /home/drone/.config/discord/0.0.25/modules/pending/discord_erlpack-1.zip
2023-02-28T18:08:31.256Z [Modules] Installing discord_spellcheck@1 from /home/drone/.config/discord/0.0.25/modules/pending/discord_spellcheck-1.zip
2023-02-28T18:08:31.685Z [Modules] Installing discord_utils@1 from /home/drone/.config/discord/0.0.25/modules/pending/discord_utils-1.zip
2023-02-28T18:08:31.932Z [Modules] Installing discord_voice@1 from /home/drone/.config/discord/0.0.25/modules/pending/discord_voice-1.zip
2023-02-28T18:08:32.470Z [Modules] Finished module installations. [success: 5] [failure: 0]
2023-02-28T18:08:32.470Z [Modules] Checking for host updates.
2023-02-28T18:08:32.548Z [Modules] Host is up to date.
2023-02-28T18:08:32.549Z [Modules] Checking for module updates at https://discord.com/api/modules/stable/versions.json
2023-02-28T18:08:32.550Z [Modules] No module updates available.
2023-02-28T18:08:33.774Z [Modules] Starting to install discord_krisp...
2023-02-28T18:08:33.774Z [Modules] Fetching discord_krisp@1 from https://discord.com/api/modules/stable/discord_krisp/1
2023-02-28T18:08:33.774Z [Modules] Streaming discord_krisp@1 to /home/drone/.config/discord/0.0.25/modules/pending/discord_krisp-1.zip
2023-02-28T18:08:33.775Z [Modules] Starting to install discord_game_utils...
2023-02-28T18:08:33.894Z [Modules] Streaming discord_krisp@1 to /home/drone/.config/discord/0.0.25/modules/pending/discord_krisp-1.zip: 1%
2023-02-28T18:08:33.895Z [Modules] Streaming discord_krisp@1 to /home/drone/.config/discord/0.0.25/modules/pending/discord_krisp-1.zip: 2%
2023-02-28T18:08:33.895Z [Modules] Streaming discord_krisp@1 to /home/drone/.config/discord/0.0.25/modules/pending/discord_krisp-1.zip: 3%
2023-02-28T18:08:33.896Z [Modules] Streaming discord_krisp@1 to /home/drone/.config/discord/0.0.25/modules/pending/discord_krisp-1.zip: 4%
2023-02-28T18:08:33.896Z [Modules] Streaming discord_krisp@1 to /home/drone/.config/discord/0.0.25/modules/pending/discord_krisp-1.zip: 5%
2023-02-28T18:08:33.896Z [Modules] Streaming discord_krisp@1 to /home/drone/.config/discord/0.0.25/modules/pending/discord_krisp-1.zip: 6%
2023-02-28T18:08:33.897Z [Modules] Streaming discord_krisp@1 to /home/drone/.config/discord/0.0.25/modules/pending/discord_krisp-1.zip: 7%
2023-02-28T18:08:33.898Z [Modules] Streaming discord_krisp@1 to /home/drone/.config/discord/0.0.25/modules/pending/discord_krisp-1.zip: 8%
2023-02-28T18:08:33.898Z [Modules] Streaming discord_krisp@1 to /home/drone/.config/discord/0.0.25/modules/pending/discord_krisp-1.zip: 9%
2023-02-28T18:08:33.898Z [Modules] Streaming discord_krisp@1 to /home/drone/.config/discord/0.0.25/modules/pending/discord_krisp-1.zip: 10%
2023-02-28T18:08:33.899Z [Modules] Streaming discord_krisp@1 to /home/drone/.config/discord/0.0.25/modules/pending/discord_krisp-1.zip: 11%
2023-02-28T18:08:33.899Z [Modules] Streaming discord_krisp@1 to /home/drone/.config/discord/0.0.25/modules/pending/discord_krisp-1.zip: 12%
2023-02-28T18:08:33.902Z [Modules] Streaming discord_krisp@1 to /home/drone/.config/discord/0.0.25/modules/pending/discord_krisp-1.zip: 13%
2023-02-28T18:08:33.988Z [Modules] Streaming discord_krisp@1 to /home/drone/.config/discord/0.0.25/modules/pending/discord_krisp-1.zip: 14%
2023-02-28T18:08:33.994Z [Modules] Streaming discord_krisp@1 to /home/drone/.config/discord/0.0.25/modules/pending/discord_krisp-1.zip: 15%
2023-02-28T18:08:33.996Z [Modules] Streaming discord_krisp@1 to /home/drone/.config/discord/0.0.25/modules/pending/discord_krisp-1.zip: 16%
2023-02-28T18:08:34.012Z [Modules] Streaming discord_krisp@1 to /home/drone/.config/discord/0.0.25/modules/pending/discord_krisp-1.zip: 17%
2023-02-28T18:08:34.019Z [Modules] Streaming discord_krisp@1 to /home/drone/.config/discord/0.0.25/modules/pending/discord_krisp-1.zip: 18%
2023-02-28T18:08:34.024Z [Modules] Streaming discord_krisp@1 to /home/drone/.config/discord/0.0.25/modules/pending/discord_krisp-1.zip: 19%
2023-02-28T18:08:34.028Z [Modules] Streaming discord_krisp@1 to /home/drone/.config/discord/0.0.25/modules/pending/discord_krisp-1.zip: 20%
2023-02-28T18:08:34.031Z [Modules] Streaming discord_krisp@1 to /home/drone/.config/discord/0.0.25/modules/pending/discord_krisp-1.zip: 21%
2023-02-28T18:08:34.035Z [Modules] Streaming discord_krisp@1 to /home/drone/.config/discord/0.0.25/modules/pending/discord_krisp-1.zip: 22%
2023-02-28T18:08:34.039Z [Modules] Streaming discord_krisp@1 to /home/drone/.config/discord/0.0.25/modules/pending/discord_krisp-1.zip: 23%
2023-02-28T18:08:34.043Z [Modules] Streaming discord_krisp@1 to /home/drone/.config/discord/0.0.25/modules/pending/discord_krisp-1.zip: 24%
2023-02-28T18:08:34.046Z [Modules] Streaming discord_krisp@1 to /home/drone/.config/discord/0.0.25/modules/pending/discord_krisp-1.zip: 25%
2023-02-28T18:08:34.050Z [Modules] Streaming discord_krisp@1 to /home/drone/.config/discord/0.0.25/modules/pending/discord_krisp-1.zip: 26%
2023-02-28T18:08:34.053Z [Modules] Streaming discord_krisp@1 to /home/drone/.config/discord/0.0.25/modules/pending/discord_krisp-1.zip: 27%
2023-02-28T18:08:34.060Z [Modules] Streaming discord_krisp@1 to /home/drone/.config/discord/0.0.25/modules/pending/discord_krisp-1.zip: 28%
2023-02-28T18:08:34.061Z [Modules] Streaming discord_krisp@1 to /home/drone/.config/discord/0.0.25/modules/pending/discord_krisp-1.zip: 29%
2023-02-28T18:08:34.065Z [Modules] Streaming discord_krisp@1 to /home/drone/.config/discord/0.0.25/modules/pending/discord_krisp-1.zip: 30%
2023-02-28T18:08:34.069Z [Modules] Streaming discord_krisp@1 to /home/drone/.config/discord/0.0.25/modules/pending/discord_krisp-1.zip: 31%
2023-02-28T18:08:34.073Z [Modules] Streaming discord_krisp@1 to /home/drone/.config/discord/0.0.25/modules/pending/discord_krisp-1.zip: 32%
2023-02-28T18:08:34.077Z [Modules] Streaming discord_krisp@1 to /home/drone/.config/discord/0.0.25/modules/pending/discord_krisp-1.zip: 33%
2023-02-28T18:08:34.080Z [Modules] Streaming discord_krisp@1 to /home/drone/.config/discord/0.0.25/modules/pending/discord_krisp-1.zip: 34%
2023-02-28T18:08:34.084Z [Modules] Streaming discord_krisp@1 to /home/drone/.config/discord/0.0.25/modules/pending/discord_krisp-1.zip: 35%
2023-02-28T18:08:34.087Z [Modules] Streaming discord_krisp@1 to /home/drone/.config/discord/0.0.25/modules/pending/discord_krisp-1.zip: 36%
2023-02-28T18:08:34.091Z [Modules] Streaming discord_krisp@1 to /home/drone/.config/discord/0.0.25/modules/pending/discord_krisp-1.zip: 37%
2023-02-28T18:08:34.094Z [Modules] Streaming discord_krisp@1 to /home/drone/.config/discord/0.0.25/modules/pending/discord_krisp-1.zip: 38%
2023-02-28T18:08:34.098Z [Modules] Streaming discord_krisp@1 to /home/drone/.config/discord/0.0.25/modules/pending/discord_krisp-1.zip: 39%
2023-02-28T18:08:34.102Z [Modules] Streaming discord_krisp@1 to /home/drone/.config/discord/0.0.25/modules/pending/discord_krisp-1.zip: 40%
2023-02-28T18:08:34.105Z [Modules] Streaming discord_krisp@1 to /home/drone/.config/discord/0.0.25/modules/pending/discord_krisp-1.zip: 41%
2023-02-28T18:08:34.109Z [Modules] Streaming discord_krisp@1 to /home/drone/.config/discord/0.0.25/modules/pending/discord_krisp-1.zip: 42%
2023-02-28T18:08:34.113Z [Modules] Streaming discord_krisp@1 to /home/drone/.config/discord/0.0.25/modules/pending/discord_krisp-1.zip: 43%
2023-02-28T18:08:34.116Z [Modules] Streaming discord_krisp@1 to /home/drone/.config/discord/0.0.25/modules/pending/discord_krisp-1.zip: 44%
2023-02-28T18:08:34.121Z [Modules] Streaming discord_krisp@1 to /home/drone/.config/discord/0.0.25/modules/pending/discord_krisp-1.zip: 45%
2023-02-28T18:08:34.124Z [Modules] Streaming discord_krisp@1 to /home/drone/.config/discord/0.0.25/modules/pending/discord_krisp-1.zip: 46%
2023-02-28T18:08:34.128Z [Modules] Streaming discord_krisp@1 to /home/drone/.config/discord/0.0.25/modules/pending/discord_krisp-1.zip: 47%
2023-02-28T18:08:34.132Z [Modules] Streaming discord_krisp@1 to /home/drone/.config/discord/0.0.25/modules/pending/discord_krisp-1.zip: 48%
2023-02-28T18:08:34.135Z [Modules] Streaming discord_krisp@1 to /home/drone/.config/discord/0.0.25/modules/pending/discord_krisp-1.zip: 49%
2023-02-28T18:08:34.139Z [Modules] Streaming discord_krisp@1 to /home/drone/.config/discord/0.0.25/modules/pending/discord_krisp-1.zip: 50%
2023-02-28T18:08:34.143Z [Modules] Streaming discord_krisp@1 to /home/drone/.config/discord/0.0.25/modules/pending/discord_krisp-1.zip: 51%
2023-02-28T18:08:34.147Z [Modules] Streaming discord_krisp@1 to /home/drone/.config/discord/0.0.25/modules/pending/discord_krisp-1.zip: 52%
2023-02-28T18:08:34.151Z [Modules] Streaming discord_krisp@1 to /home/drone/.config/discord/0.0.25/modules/pending/discord_krisp-1.zip: 53%
2023-02-28T18:08:34.153Z [Modules] Streaming discord_krisp@1 to /home/drone/.config/discord/0.0.25/modules/pending/discord_krisp-1.zip: 54%
2023-02-28T18:08:34.157Z [Modules] Streaming discord_krisp@1 to /home/drone/.config/discord/0.0.25/modules/pending/discord_krisp-1.zip: 55%
2023-02-28T18:08:34.161Z [Modules] Streaming discord_krisp@1 to /home/drone/.config/discord/0.0.25/modules/pending/discord_krisp-1.zip: 56%
2023-02-28T18:08:34.164Z [Modules] Streaming discord_krisp@1 to /home/drone/.config/discord/0.0.25/modules/pending/discord_krisp-1.zip: 57%
2023-02-28T18:08:34.169Z [Modules] Streaming discord_krisp@1 to /home/drone/.config/discord/0.0.25/modules/pending/discord_krisp-1.zip: 58%
2023-02-28T18:08:34.173Z [Modules] Streaming discord_krisp@1 to /home/drone/.config/discord/0.0.25/modules/pending/discord_krisp-1.zip: 59%
2023-02-28T18:08:34.176Z [Modules] Streaming discord_krisp@1 to /home/drone/.config/discord/0.0.25/modules/pending/discord_krisp-1.zip: 60%
2023-02-28T18:08:34.180Z [Modules] Streaming discord_krisp@1 to /home/drone/.config/discord/0.0.25/modules/pending/discord_krisp-1.zip: 61%
2023-02-28T18:08:34.184Z [Modules] Streaming discord_krisp@1 to /home/drone/.config/discord/0.0.25/modules/pending/discord_krisp-1.zip: 62%
2023-02-28T18:08:34.187Z [Modules] Streaming discord_krisp@1 to /home/drone/.config/discord/0.0.25/modules/pending/discord_krisp-1.zip: 63%
2023-02-28T18:08:34.191Z [Modules] Streaming discord_krisp@1 to /home/drone/.config/discord/0.0.25/modules/pending/discord_krisp-1.zip: 64%
2023-02-28T18:08:34.195Z [Modules] Streaming discord_krisp@1 to /home/drone/.config/discord/0.0.25/modules/pending/discord_krisp-1.zip: 65%
2023-02-28T18:08:34.199Z [Modules] Streaming discord_krisp@1 to /home/drone/.config/discord/0.0.25/modules/pending/discord_krisp-1.zip: 66%
2023-02-28T18:08:34.203Z [Modules] Streaming discord_krisp@1 to /home/drone/.config/discord/0.0.25/modules/pending/discord_krisp-1.zip: 67%
2023-02-28T18:08:34.205Z [Modules] Streaming discord_krisp@1 to /home/drone/.config/discord/0.0.25/modules/pending/discord_krisp-1.zip: 68%
2023-02-28T18:08:34.210Z [Modules] Streaming discord_krisp@1 to /home/drone/.config/discord/0.0.25/modules/pending/discord_krisp-1.zip: 69%
2023-02-28T18:08:34.213Z [Modules] Streaming discord_krisp@1 to /home/drone/.config/discord/0.0.25/modules/pending/discord_krisp-1.zip: 70%
2023-02-28T18:08:34.216Z [Modules] Streaming discord_krisp@1 to /home/drone/.config/discord/0.0.25/modules/pending/discord_krisp-1.zip: 71%
2023-02-28T18:08:34.220Z [Modules] Streaming discord_krisp@1 to /home/drone/.config/discord/0.0.25/modules/pending/discord_krisp-1.zip: 72%
2023-02-28T18:08:34.224Z [Modules] Streaming discord_krisp@1 to /home/drone/.config/discord/0.0.25/modules/pending/discord_krisp-1.zip: 73%
2023-02-28T18:08:34.228Z [Modules] Streaming discord_krisp@1 to /home/drone/.config/discord/0.0.25/modules/pending/discord_krisp-1.zip: 74%
2023-02-28T18:08:34.232Z [Modules] Streaming discord_krisp@1 to /home/drone/.config/discord/0.0.25/modules/pending/discord_krisp-1.zip: 75%
2023-02-28T18:08:34.236Z [Modules] Streaming discord_krisp@1 to /home/drone/.config/discord/0.0.25/modules/pending/discord_krisp-1.zip: 76%
2023-02-28T18:08:34.239Z [Modules] Streaming discord_krisp@1 to /home/drone/.config/discord/0.0.25/modules/pending/discord_krisp-1.zip: 77%
2023-02-28T18:08:34.243Z [Modules] Streaming discord_krisp@1 to /home/drone/.config/discord/0.0.25/modules/pending/discord_krisp-1.zip: 78%
2023-02-28T18:08:34.246Z [Modules] Streaming discord_krisp@1 to /home/drone/.config/discord/0.0.25/modules/pending/discord_krisp-1.zip: 79%
2023-02-28T18:08:34.250Z [Modules] Streaming discord_krisp@1 to /home/drone/.config/discord/0.0.25/modules/pending/discord_krisp-1.zip: 80%
2023-02-28T18:08:34.254Z [Modules] Streaming discord_krisp@1 to /home/drone/.config/discord/0.0.25/modules/pending/discord_krisp-1.zip: 81%
2023-02-28T18:08:34.257Z [Modules] Streaming discord_krisp@1 to /home/drone/.config/discord/0.0.25/modules/pending/discord_krisp-1.zip: 82%
2023-02-28T18:08:34.261Z [Modules] Streaming discord_krisp@1 to /home/drone/.config/discord/0.0.25/modules/pending/discord_krisp-1.zip: 83%
2023-02-28T18:08:34.265Z [Modules] Streaming discord_krisp@1 to /home/drone/.config/discord/0.0.25/modules/pending/discord_krisp-1.zip: 84%
2023-02-28T18:08:34.270Z [Modules] Streaming discord_krisp@1 to /home/drone/.config/discord/0.0.25/modules/pending/discord_krisp-1.zip: 85%
2023-02-28T18:08:34.273Z [Modules] Streaming discord_krisp@1 to /home/drone/.config/discord/0.0.25/modules/pending/discord_krisp-1.zip: 86%
2023-02-28T18:08:34.277Z [Modules] Streaming discord_krisp@1 to /home/drone/.config/discord/0.0.25/modules/pending/discord_krisp-1.zip: 87%
2023-02-28T18:08:34.280Z [Modules] Streaming discord_krisp@1 to /home/drone/.config/discord/0.0.25/modules/pending/discord_krisp-1.zip: 88%
2023-02-28T18:08:34.284Z [Modules] Streaming discord_krisp@1 to /home/drone/.config/discord/0.0.25/modules/pending/discord_krisp-1.zip: 89%
2023-02-28T18:08:34.287Z [Modules] Streaming discord_krisp@1 to /home/drone/.config/discord/0.0.25/modules/pending/discord_krisp-1.zip: 90%
2023-02-28T18:08:34.291Z [Modules] Streaming discord_krisp@1 to /home/drone/.config/discord/0.0.25/modules/pending/discord_krisp-1.zip: 91%
2023-02-28T18:08:34.294Z [Modules] Streaming discord_krisp@1 to /home/drone/.config/discord/0.0.25/modules/pending/discord_krisp-1.zip: 92%
2023-02-28T18:08:34.298Z [Modules] Streaming discord_krisp@1 to /home/drone/.config/discord/0.0.25/modules/pending/discord_krisp-1.zip: 93%
2023-02-28T18:08:34.302Z [Modules] Streaming discord_krisp@1 to /home/drone/.config/discord/0.0.25/modules/pending/discord_krisp-1.zip: 94%
2023-02-28T18:08:34.305Z [Modules] Streaming discord_krisp@1 to /home/drone/.config/discord/0.0.25/modules/pending/discord_krisp-1.zip: 95%
2023-02-28T18:08:34.309Z [Modules] Streaming discord_krisp@1 to /home/drone/.config/discord/0.0.25/modules/pending/discord_krisp-1.zip: 96%
2023-02-28T18:08:34.313Z [Modules] Streaming discord_krisp@1 to /home/drone/.config/discord/0.0.25/modules/pending/discord_krisp-1.zip: 97%
2023-02-28T18:08:34.317Z [Modules] Streaming discord_krisp@1 to /home/drone/.config/discord/0.0.25/modules/pending/discord_krisp-1.zip: 98%
2023-02-28T18:08:34.320Z [Modules] Streaming discord_krisp@1 to /home/drone/.config/discord/0.0.25/modules/pending/discord_krisp-1.zip: 99%
2023-02-28T18:08:34.324Z [Modules] Streaming discord_krisp@1 to /home/drone/.config/discord/0.0.25/modules/pending/discord_krisp-1.zip: 100%
2023-02-28T18:08:34.325Z [Modules] Fetching discord_game_utils@1 from https://discord.com/api/modules/stable/discord_game_utils/1
2023-02-28T18:08:34.325Z [Modules] Streaming discord_game_utils@1 to /home/drone/.config/discord/0.0.25/modules/pending/discord_game_utils-1.zip
2023-02-28T18:08:34.325Z [Modules] Installing discord_krisp@1 from /home/drone/.config/discord/0.0.25/modules/pending/discord_krisp-1.zip
2023-02-28T18:08:34.402Z [Modules] Checking for host updates.
2023-02-28T18:08:34.425Z [Modules] Streaming discord_game_utils@1 to /home/drone/.config/discord/0.0.25/modules/pending/discord_game_utils-1.zip: 1%
2023-02-28T18:08:34.433Z [Modules] Streaming discord_game_utils@1 to /home/drone/.config/discord/0.0.25/modules/pending/discord_game_utils-1.zip: 2%
2023-02-28T18:08:34.437Z [Modules] Streaming discord_game_utils@1 to /home/drone/.config/discord/0.0.25/modules/pending/discord_game_utils-1.zip: 3%
2023-02-28T18:08:34.445Z [Modules] Streaming discord_game_utils@1 to /home/drone/.config/discord/0.0.25/modules/pending/discord_game_utils-1.zip: 4%
2023-02-28T18:08:34.448Z [Modules] Streaming discord_game_utils@1 to /home/drone/.config/discord/0.0.25/modules/pending/discord_game_utils-1.zip: 5%
2023-02-28T18:08:34.456Z [Modules] Streaming discord_game_utils@1 to /home/drone/.config/discord/0.0.25/modules/pending/discord_game_utils-1.zip: 6%
2023-02-28T18:08:34.460Z [Modules] Streaming discord_game_utils@1 to /home/drone/.config/discord/0.0.25/modules/pending/discord_game_utils-1.zip: 7%
2023-02-28T18:08:34.467Z [Modules] Streaming discord_game_utils@1 to /home/drone/.config/discord/0.0.25/modules/pending/discord_game_utils-1.zip: 8%
2023-02-28T18:08:34.471Z [Modules] Streaming discord_game_utils@1 to /home/drone/.config/discord/0.0.25/modules/pending/discord_game_utils-1.zip: 9%
2023-02-28T18:08:34.479Z [Modules] Streaming discord_game_utils@1 to /home/drone/.config/discord/0.0.25/modules/pending/discord_game_utils-1.zip: 10%
2023-02-28T18:08:34.482Z [Modules] Streaming discord_game_utils@1 to /home/drone/.config/discord/0.0.25/modules/pending/discord_game_utils-1.zip: 11%
2023-02-28T18:08:34.490Z [Modules] Streaming discord_game_utils@1 to /home/drone/.config/discord/0.0.25/modules/pending/discord_game_utils-1.zip: 12%
2023-02-28T18:08:34.494Z [Modules] Streaming discord_game_utils@1 to /home/drone/.config/discord/0.0.25/modules/pending/discord_game_utils-1.zip: 13%
2023-02-28T18:08:34.501Z [Modules] Streaming discord_game_utils@1 to /home/drone/.config/discord/0.0.25/modules/pending/discord_game_utils-1.zip: 14%
2023-02-28T18:08:34.505Z [Modules] Streaming discord_game_utils@1 to /home/drone/.config/discord/0.0.25/modules/pending/discord_game_utils-1.zip: 15%
2023-02-28T18:08:34.512Z [Modules] Streaming discord_game_utils@1 to /home/drone/.config/discord/0.0.25/modules/pending/discord_game_utils-1.zip: 16%
2023-02-28T18:08:34.516Z [Modules] Streaming discord_game_utils@1 to /home/drone/.config/discord/0.0.25/modules/pending/discord_game_utils-1.zip: 17%
2023-02-28T18:08:34.525Z [Modules] Streaming discord_game_utils@1 to /home/drone/.config/discord/0.0.25/modules/pending/discord_game_utils-1.zip: 19%
2023-02-28T18:08:34.528Z [Modules] Streaming discord_game_utils@1 to /home/drone/.config/discord/0.0.25/modules/pending/discord_game_utils-1.zip: 20%
2023-02-28T18:08:34.530Z [Modules] Streaming discord_game_utils@1 to /home/drone/.config/discord/0.0.25/modules/pending/discord_game_utils-1.zip: 21%
2023-02-28T18:08:34.534Z [Modules] Streaming discord_game_utils@1 to /home/drone/.config/discord/0.0.25/modules/pending/discord_game_utils-1.zip: 22%
2023-02-28T18:08:34.539Z [Modules] Streaming discord_game_utils@1 to /home/drone/.config/discord/0.0.25/modules/pending/discord_game_utils-1.zip: 24%
2023-02-28T18:08:34.544Z [Modules] Streaming discord_game_utils@1 to /home/drone/.config/discord/0.0.25/modules/pending/discord_game_utils-1.zip: 25%
2023-02-28T18:08:34.547Z [Modules] Streaming discord_game_utils@1 to /home/drone/.config/discord/0.0.25/modules/pending/discord_game_utils-1.zip: 27%
2023-02-28T18:08:34.551Z [Modules] Streaming discord_game_utils@1 to /home/drone/.config/discord/0.0.25/modules/pending/discord_game_utils-1.zip: 28%
2023-02-28T18:08:34.555Z [Modules] Starting to install discord_rpc...
2023-02-28T18:08:34.555Z [Modules] Streaming discord_game_utils@1 to /home/drone/.config/discord/0.0.25/modules/pending/discord_game_utils-1.zip: 29%
2023-02-28T18:08:34.559Z [Modules] Streaming discord_game_utils@1 to /home/drone/.config/discord/0.0.25/modules/pending/discord_game_utils-1.zip: 31%
2023-02-28T18:08:34.562Z [Modules] Streaming discord_game_utils@1 to /home/drone/.config/discord/0.0.25/modules/pending/discord_game_utils-1.zip: 32%
2023-02-28T18:08:34.566Z [Modules] Streaming discord_game_utils@1 to /home/drone/.config/discord/0.0.25/modules/pending/discord_game_utils-1.zip: 33%
2023-02-28T18:08:34.571Z [Modules] Streaming discord_game_utils@1 to /home/drone/.config/discord/0.0.25/modules/pending/discord_game_utils-1.zip: 35%
2023-02-28T18:08:34.578Z [Modules] Streaming discord_game_utils@1 to /home/drone/.config/discord/0.0.25/modules/pending/discord_game_utils-1.zip: 38%
2023-02-28T18:08:34.578Z [Modules] Streaming discord_game_utils@1 to /home/drone/.config/discord/0.0.25/modules/pending/discord_game_utils-1.zip: 39%
2023-02-28T18:08:34.584Z [Modules] Streaming discord_game_utils@1 to /home/drone/.config/discord/0.0.25/modules/pending/discord_game_utils-1.zip: 41%
2023-02-28T18:08:34.586Z [Modules] Streaming discord_game_utils@1 to /home/drone/.config/discord/0.0.25/modules/pending/discord_game_utils-1.zip: 42%
2023-02-28T18:08:34.586Z [Modules] Streaming discord_game_utils@1 to /home/drone/.config/discord/0.0.25/modules/pending/discord_game_utils-1.zip: 43%
2023-02-28T18:08:34.590Z [Modules] Streaming discord_game_utils@1 to /home/drone/.config/discord/0.0.25/modules/pending/discord_game_utils-1.zip: 45%
2023-02-28T18:08:34.595Z [Modules] Streaming discord_game_utils@1 to /home/drone/.config/discord/0.0.25/modules/pending/discord_game_utils-1.zip: 47%
2023-02-28T18:08:34.600Z [Modules] Streaming discord_game_utils@1 to /home/drone/.config/discord/0.0.25/modules/pending/discord_game_utils-1.zip: 50%
2023-02-28T18:08:34.605Z [Modules] Streaming discord_game_utils@1 to /home/drone/.config/discord/0.0.25/modules/pending/discord_game_utils-1.zip: 53%
2023-02-28T18:08:34.610Z [Modules] Streaming discord_game_utils@1 to /home/drone/.config/discord/0.0.25/modules/pending/discord_game_utils-1.zip: 55%
2023-02-28T18:08:34.615Z [Modules] Streaming discord_game_utils@1 to /home/drone/.config/discord/0.0.25/modules/pending/discord_game_utils-1.zip: 58%
2023-02-28T18:08:34.618Z [Modules] Streaming discord_game_utils@1 to /home/drone/.config/discord/0.0.25/modules/pending/discord_game_utils-1.zip: 59%
2023-02-28T18:08:34.622Z [Modules] Streaming discord_game_utils@1 to /home/drone/.config/discord/0.0.25/modules/pending/discord_game_utils-1.zip: 62%
2023-02-28T18:08:34.627Z [Modules] Streaming discord_game_utils@1 to /home/drone/.config/discord/0.0.25/modules/pending/discord_game_utils-1.zip: 63%
2023-02-28T18:08:34.627Z [Modules] Streaming discord_game_utils@1 to /home/drone/.config/discord/0.0.25/modules/pending/discord_game_utils-1.zip: 64%
2023-02-28T18:08:34.631Z [Modules] Streaming discord_game_utils@1 to /home/drone/.config/discord/0.0.25/modules/pending/discord_game_utils-1.zip: 67%
2023-02-28T18:08:34.636Z [Modules] Streaming discord_game_utils@1 to /home/drone/.config/discord/0.0.25/modules/pending/discord_game_utils-1.zip: 69%
2023-02-28T18:08:34.640Z [Modules] Streaming discord_game_utils@1 to /home/drone/.config/discord/0.0.25/modules/pending/discord_game_utils-1.zip: 72%
2023-02-28T18:08:34.644Z [Modules] Streaming discord_game_utils@1 to /home/drone/.config/discord/0.0.25/modules/pending/discord_game_utils-1.zip: 74%
2023-02-28T18:08:34.648Z [Modules] Streaming discord_game_utils@1 to /home/drone/.config/discord/0.0.25/modules/pending/discord_game_utils-1.zip: 77%
2023-02-28T18:08:34.652Z [Modules] Streaming discord_game_utils@1 to /home/drone/.config/discord/0.0.25/modules/pending/discord_game_utils-1.zip: 80%
2023-02-28T18:08:34.656Z [Modules] Streaming discord_game_utils@1 to /home/drone/.config/discord/0.0.25/modules/pending/discord_game_utils-1.zip: 82%
2023-02-28T18:08:34.659Z [Modules] Streaming discord_game_utils@1 to /home/drone/.config/discord/0.0.25/modules/pending/discord_game_utils-1.zip: 85%
2023-02-28T18:08:34.663Z [Modules] Streaming discord_game_utils@1 to /home/drone/.config/discord/0.0.25/modules/pending/discord_game_utils-1.zip: 88%
2023-02-28T18:08:34.667Z [Modules] Streaming discord_game_utils@1 to /home/drone/.config/discord/0.0.25/modules/pending/discord_game_utils-1.zip: 90%
2023-02-28T18:08:34.670Z [Modules] Streaming discord_game_utils@1 to /home/drone/.config/discord/0.0.25/modules/pending/discord_game_utils-1.zip: 93%
2023-02-28T18:08:34.671Z [Modules] Streaming discord_game_utils@1 to /home/drone/.config/discord/0.0.25/modules/pending/discord_game_utils-1.zip: 94%
2023-02-28T18:08:34.674Z [Modules] Streaming discord_game_utils@1 to /home/drone/.config/discord/0.0.25/modules/pending/discord_game_utils-1.zip: 96%
2023-02-28T18:08:34.677Z [Modules] Streaming discord_game_utils@1 to /home/drone/.config/discord/0.0.25/modules/pending/discord_game_utils-1.zip: 99%
2023-02-28T18:08:34.678Z [Modules] Streaming discord_game_utils@1 to /home/drone/.config/discord/0.0.25/modules/pending/discord_game_utils-1.zip: 100%
2023-02-28T18:08:34.682Z [Modules] Fetching discord_rpc@1 from https://discord.com/api/modules/stable/discord_rpc/1
2023-02-28T18:08:34.682Z [Modules] Streaming discord_rpc@1 to /home/drone/.config/discord/0.0.25/modules/pending/discord_rpc-1.zip
2023-02-28T18:08:34.682Z [Modules] Host is up to date.
2023-02-28T18:08:34.682Z [Modules] Checking for module updates at https://discord.com/api/modules/stable/versions.json
2023-02-28T18:08:34.685Z [Modules] No module updates available.
2023-02-28T18:08:34.736Z [Modules] Installing discord_game_utils@1 from /home/drone/.config/discord/0.0.25/modules/pending/discord_game_utils-1.zip
2023-02-28T18:08:34.770Z [Modules] Streaming discord_rpc@1 to /home/drone/.config/discord/0.0.25/modules/pending/discord_rpc-1.zip: 38%
2023-02-28T18:08:34.773Z [Modules] Streaming discord_rpc@1 to /home/drone/.config/discord/0.0.25/modules/pending/discord_rpc-1.zip: 100%
2023-02-28T18:08:34.774Z [Modules] Finished module downloads. [success: 3] [failure: 0]
2023-02-28T18:08:34.814Z [Modules] Installing discord_rpc@1 from /home/drone/.config/discord/0.0.25/modules/pending/discord_rpc-1.zip
2023-02-28T18:08:34.824Z [Modules] Finished module installations. [success: 3] [failure: 0]
2023-02-28T19:08:34.412Z [Modules] Checking for host updates.
2023-02-28T19:08:34.487Z [Modules] Host is up to date.
2023-02-28T19:08:34.487Z [Modules] Checking for module updates at https://discord.com/api/modules/stable/versions.json
2023-02-28T19:08:34.519Z [Modules] No module updates available.
2023-02-28T20:08:34.411Z [Modules] Checking for host updates.
2023-02-28T20:08:34.579Z [Modules] Host is up to date.
2023-02-28T20:08:34.579Z [Modules] Checking for module updates at https://discord.com/api/modules/stable/versions.json
2023-02-28T20:08:34.617Z [Modules] No module updates available.
2023-02-28T21:08:34.402Z [Modules] Checking for host updates.
2023-02-28T21:08:34.541Z [Modules] Host is up to date.
2023-02-28T21:08:34.541Z [Modules] Checking for module updates at https://discord.com/api/modules/stable/versions.json
2023-02-28T21:08:34.571Z [Modules] No module updates available.
